<?xml version="1.0" encoding="UTF-8"?>
<testng-results ignored="0" total="2" passed="2" failed="0" skipped="0">
  <reporter-output>
  </reporter-output>
  <suite started-at="2023-05-16T19:20:01 IST" name="Suite" finished-at="2023-05-16T19:20:30 IST" duration-ms="28741">
    <groups>
    </groups>
    <test started-at="2023-05-16T19:20:01 IST" name="Test" finished-at="2023-05-16T19:20:30 IST" duration-ms="28741">
      <class name="qa.test.TestCases">
        <test-method is-config="true" signature="beforeTestMethod()[pri:0, instance:qa.test.TestCases@4b8ee4de]" started-at="2023-05-16T19:20:01 IST" name="beforeTestMethod" finished-at="2023-05-16T19:20:02 IST" duration-ms="560" status="PASS">
          <reporter-output>
          </reporter-output>
        </test-method> <!-- beforeTestMethod -->
        <test-method is-config="true" signature="beforeMethod(java.lang.String,java.lang.reflect.Method)[pri:0, instance:qa.test.TestCases@4b8ee4de]" started-at="2023-05-16T19:20:02 IST" name="beforeMethod" finished-at="2023-05-16T19:20:11 IST" duration-ms="8921" status="PASS">
          <params>
            <param index="0">
              <value>
                <![CDATA[chrome]]>
              </value>
            </param>
            <param index="1">
              <value>
                <![CDATA[public void qa.test.TestCases.sampleMethodForVerifingTitle()]]>
              </value>
            </param>
          </params>
          <reporter-output>
          </reporter-output>
        </test-method> <!-- beforeMethod -->
        <test-method signature="sampleMethodForVerifingTitle()[pri:0, instance:qa.test.TestCases@4b8ee4de]" started-at="2023-05-16T19:20:11 IST" name="sampleMethodForVerifingTitle" finished-at="2023-05-16T19:20:17 IST" duration-ms="5716" status="PASS">
          <reporter-output>
          </reporter-output>
        </test-method> <!-- sampleMethodForVerifingTitle -->
        <test-method is-config="true" signature="afterMethod(org.testng.ITestResult)[pri:0, instance:qa.test.TestCases@4b8ee4de]" started-at="2023-05-16T19:20:17 IST" name="afterMethod" finished-at="2023-05-16T19:20:17 IST" duration-ms="503" status="PASS">
          <params>
            <param index="0">
              <value>
                <![CDATA[[TestResult name=sampleMethodForVerifingTitle status=SUCCESS method=TestCases.sampleMethodForVerifingTitle()[pri:0, instance:qa.test.TestCases@4b8ee4de] output={null}]]]>
              </value>
            </param>
          </params>
          <reporter-output>
          </reporter-output>
        </test-method> <!-- afterMethod -->
        <test-method is-config="true" signature="beforeMethod(java.lang.String,java.lang.reflect.Method)[pri:0, instance:qa.test.TestCases@4b8ee4de]" started-at="2023-05-16T19:20:17 IST" name="beforeMethod" finished-at="2023-05-16T19:20:23 IST" duration-ms="5796" status="PASS">
          <params>
            <param index="0">
              <value>
                <![CDATA[chrome]]>
              </value>
            </param>
            <param index="1">
              <value>
                <![CDATA[public void qa.test.TestCases.verifyTheLogInFunctioality()]]>
              </value>
            </param>
          </params>
          <reporter-output>
          </reporter-output>
        </test-method> <!-- beforeMethod -->
        <test-method signature="verifyTheLogInFunctioality()[pri:0, instance:qa.test.TestCases@4b8ee4de]" started-at="2023-05-16T19:20:23 IST" name="verifyTheLogInFunctioality" finished-at="2023-05-16T19:20:29 IST" duration-ms="6227" status="PASS">
          <reporter-output>
          </reporter-output>
        </test-method> <!-- verifyTheLogInFunctioality -->
        <test-method is-config="true" signature="afterMethod(org.testng.ITestResult)[pri:0, instance:qa.test.TestCases@4b8ee4de]" started-at="2023-05-16T19:20:29 IST" name="afterMethod" finished-at="2023-05-16T19:20:29 IST" duration-ms="387" status="PASS">
          <params>
            <param index="0">
              <value>
                <![CDATA[[TestResult name=verifyTheLogInFunctioality status=SUCCESS method=TestCases.verifyTheLogInFunctioality()[pri:0, instance:qa.test.TestCases@4b8ee4de] output={null}]]]>
              </value>
            </param>
          </params>
          <reporter-output>
          </reporter-output>
        </test-method> <!-- afterMethod -->
        <test-method is-config="true" signature="aftertest()[pri:0, instance:qa.test.TestCases@4b8ee4de]" started-at="2023-05-16T19:20:29 IST" name="aftertest" finished-at="2023-05-16T19:20:30 IST" duration-ms="559" status="PASS">
          <reporter-output>
          </reporter-output>
        </test-method> <!-- aftertest -->
      </class> <!-- qa.test.TestCases -->
    </test> <!-- Test -->
  </suite> <!-- Suite -->
</testng-results>
