<?xml version="1.0" encoding="UTF-8"?>
<testng-results ignored="0" total="1" passed="1" failed="0" skipped="0">
  <reporter-output>
  </reporter-output>
  <suite started-at="2023-05-13T12:16:41 IST" name="Suite" finished-at="2023-05-13T12:16:56 IST" duration-ms="15033">
    <groups>
    </groups>
    <test started-at="2023-05-13T12:16:41 IST" name="Test" finished-at="2023-05-13T12:16:56 IST" duration-ms="15033">
      <class name="qa.test.TestCases">
        <test-method is-config="true" signature="beforeTestMethod()[pri:0, instance:qa.test.TestCases@26e356f0]" started-at="2023-05-13T12:16:41 IST" name="beforeTestMethod" finished-at="2023-05-13T12:16:42 IST" duration-ms="455" status="PASS">
          <reporter-output>
          </reporter-output>
        </test-method> <!-- beforeTestMethod -->
        <test-method is-config="true" signature="beforeMethod(java.lang.String,java.lang.reflect.Method)[pri:0, instance:qa.test.TestCases@26e356f0]" started-at="2023-05-13T12:16:42 IST" name="beforeMethod" finished-at="2023-05-13T12:16:50 IST" duration-ms="7860" status="PASS">
          <params>
            <param index="0">
              <value>
                <![CDATA[chrome]]>
              </value>
            </param>
            <param index="1">
              <value>
                <![CDATA[public void qa.test.TestCases.sampleMethodForVerifingTitle()]]>
              </value>
            </param>
          </params>
          <reporter-output>
          </reporter-output>
        </test-method> <!-- beforeMethod -->
        <test-method signature="sampleMethodForVerifingTitle()[pri:0, instance:qa.test.TestCases@26e356f0]" started-at="2023-05-13T12:16:50 IST" name="sampleMethodForVerifingTitle" finished-at="2023-05-13T12:16:55 IST" duration-ms="5732" status="PASS">
          <reporter-output>
          </reporter-output>
        </test-method> <!-- sampleMethodForVerifingTitle -->
        <test-method is-config="true" signature="afterMethod(org.testng.ITestResult)[pri:0, instance:qa.test.TestCases@26e356f0]" started-at="2023-05-13T12:16:55 IST" name="afterMethod" finished-at="2023-05-13T12:16:56 IST" duration-ms="427" status="PASS">
          <params>
            <param index="0">
              <value>
                <![CDATA[[TestResult name=sampleMethodForVerifingTitle status=SUCCESS method=TestCases.sampleMethodForVerifingTitle()[pri:0, instance:qa.test.TestCases@26e356f0] output={null}]]]>
              </value>
            </param>
          </params>
          <reporter-output>
          </reporter-output>
        </test-method> <!-- afterMethod -->
        <test-method is-config="true" signature="aftertest()[pri:0, instance:qa.test.TestCases@26e356f0]" started-at="2023-05-13T12:16:56 IST" name="aftertest" finished-at="2023-05-13T12:16:56 IST" duration-ms="517" status="PASS">
          <reporter-output>
          </reporter-output>
        </test-method> <!-- aftertest -->
      </class> <!-- qa.test.TestCases -->
    </test> <!-- Test -->
  </suite> <!-- Suite -->
</testng-results>
